빌드 시작: 2019-02-21 오후 5:25:09
     1>2 노드의 "c:\Users\pc\documents\visual studio 2010\Projects\Baseball\Baseball\Baseball.vcxproj" 프로젝트(build 대상)입니다.
     1>InitializeBuildStatus:
         "Debug\Baseball.unsuccessfulbuild"에 연결(touching)하고 있습니다.
       ClCompile:
         C:\Program Files (x86)\Microsoft Visual Studio 10.0\VC\bin\CL.exe /c /ZI /nologo /W3 /WX- /Od /Oy- /D WIN32 /D _DEBUG /D _CONSOLE /D _UNICODE /D UNICODE /Gm /EHsc /RTC1 /MDd /GS /fp:precise /Zc:wchar_t /Zc:forScope /Fo"Debug\\" /Fd"Debug\vc100.pdb" /Gd /TP /analyze- /errorReport:prompt Baseball.cpp
         Baseball.cpp
     1>c:\users\pc\documents\visual studio 2010\projects\baseball\baseball\baseball.cpp(26): warning C4244: '인수' : 'time_t'에서 'unsigned int'(으)로 변환하면서 데이터가 손실될 수 있습니다.
     1>c:\users\pc\documents\visual studio 2010\projects\baseball\baseball\baseball.cpp(45): warning C4700: 초기화되지 않은 'arr' 지역 변수를 사용했습니다.
     1>c:\users\pc\documents\visual studio 2010\projects\baseball\baseball\baseball.cpp(30): warning C4700: 초기화되지 않은 'num' 지역 변수를 사용했습니다.
       ManifestResourceCompile:
         모든 출력이 최신 상태입니다.
       Link:
         C:\Program Files (x86)\Microsoft Visual Studio 10.0\VC\bin\link.exe /ERRORREPORT:PROMPT /OUT:"c:\users\pc\documents\visual studio 2010\Projects\Baseball\Debug\Baseball.exe" /INCREMENTAL /NOLOGO kernel32.lib user32.lib gdi32.lib winspool.lib comdlg32.lib advapi32.lib shell32.lib ole32.lib oleaut32.lib uuid.lib odbc32.lib odbccp32.lib /MANIFEST /ManifestFile:"Debug\Baseball.exe.intermediate.manifest" /MANIFESTUAC:"level='asInvoker' uiAccess='false'" /DEBUG /PDB:"c:\users\pc\documents\visual studio 2010\Projects\Baseball\Debug\Baseball.pdb" /SUBSYSTEM:CONSOLE /TLBID:1 /DYNAMICBASE /NXCOMPAT /IMPLIB:"c:\users\pc\documents\visual studio 2010\Projects\Baseball\Debug\Baseball.lib" /MACHINE:X86 Debug\Baseball.exe.embed.manifest.res
         Debug\Baseball.obj
       Manifest:
         c:\Program Files (x86)\Microsoft SDKs\Windows\v7.0A\bin\mt.exe /nologo /verbose /out:"Debug\Baseball.exe.embed.manifest" /manifest Debug\Baseball.exe.intermediate.manifest
         c:\Program Files (x86)\Microsoft SDKs\Windows\v7.0A\bin\rc.exe /nologo /fo"Debug\Baseball.exe.embed.manifest.res" Debug\Baseball_manifest.rc 
       LinkEmbedManifest:
         C:\Program Files (x86)\Microsoft Visual Studio 10.0\VC\bin\link.exe /ERRORREPORT:PROMPT /OUT:"c:\users\pc\documents\visual studio 2010\Projects\Baseball\Debug\Baseball.exe" /INCREMENTAL /NOLOGO kernel32.lib user32.lib gdi32.lib winspool.lib comdlg32.lib advapi32.lib shell32.lib ole32.lib oleaut32.lib uuid.lib odbc32.lib odbccp32.lib /MANIFEST /ManifestFile:"Debug\Baseball.exe.intermediate.manifest" /MANIFESTUAC:"level='asInvoker' uiAccess='false'" /DEBUG /PDB:"c:\users\pc\documents\visual studio 2010\Projects\Baseball\Debug\Baseball.pdb" /SUBSYSTEM:CONSOLE /TLBID:1 /DYNAMICBASE /NXCOMPAT /IMPLIB:"c:\users\pc\documents\visual studio 2010\Projects\Baseball\Debug\Baseball.lib" /MACHINE:X86 Debug\Baseball.exe.embed.manifest.res
         Debug\Baseball.obj
         Baseball.vcxproj -> c:\users\pc\documents\visual studio 2010\Projects\Baseball\Debug\Baseball.exe
       FinalizeBuildStatus:
         "Debug\Baseball.unsuccessfulbuild" 파일을 삭제하고 있습니다.
         "Debug\Baseball.lastbuildstate"에 연결(touching)하고 있습니다.
     1>"c:\Users\pc\documents\visual studio 2010\Projects\Baseball\Baseball\Baseball.vcxproj" 프로젝트를 빌드했습니다(build 대상).

빌드했습니다.

경과 시간: 00:00:02.51
